<?xml version="1.0" encoding="UTF-8"?>
<!-- Generated by org.testng.reporters.JUnitXMLReporter -->
<testsuite ignored="1" hostname="TYSS-Piyush-Baldaniya" failures="1" tests="6" name="Default test(failed)" time="33.11" errors="0" timestamp="2025-04-30T16:40:25 IST">
  <testcase classname="listeners_utility.Practice" name="dummy1" time="5.971">
    <skipped/>
  </testcase> <!-- dummy1 -->
  <testcase classname="listeners_utility.Practice" name="dummy1" time="5.263">
    <skipped/>
  </testcase> <!-- dummy1 -->
  <testcase classname="listeners_utility.Practice" name="dummy1" time="5.404">
    <skipped/>
  </testcase> <!-- dummy1 -->
  <testcase classname="listeners_utility.Practice" name="dummy1" time="5.418">
    <skipped/>
  </testcase> <!-- dummy1 -->
  <testcase classname="listeners_utility.Practice" name="dummy1" time="5.458">
    <skipped/>
  </testcase> <!-- dummy1 -->
  <testcase classname="listeners_utility.Practice" name="dummy1" time="5.386">
    <failure type="java.lang.AssertionError" message="expected [true] but found [false]">
      <![CDATA[java.lang.AssertionError: expected [true] but found [false]
at listeners_utility.Practice.dummy1(Practice.java:19)
at java.base/java.util.ArrayList.forEach(ArrayList.java:1597)
... Removed 29 stack frames]]>
    </failure>
  </testcase> <!-- dummy1 -->
  <testcase classname="listeners_utility.Practice" name="dummy2" time="0.0">
    <ignored/>
  </testcase> <!-- dummy2 -->
</testsuite> <!-- Default test(failed) -->
