<?xml version="1.0" encoding="UTF-8"?>
<testng-results ignored="0" total="1" passed="1" failed="0" skipped="0">
  <reporter-output>
  </reporter-output>
  <suite started-at="2025-04-28T16:53:07 IST" name="Default suite" finished-at="2025-04-28T16:53:11 IST" duration-ms="4529">
    <groups>
    </groups>
    <test started-at="2025-04-28T16:53:07 IST" name="Default test" finished-at="2025-04-28T16:53:11 IST" duration-ms="4529">
      <class name="extra.AdvanceReports">
        <test-method signature="generateAdReport()[pri:0, instance:extra.AdvanceReports@74235045]" started-at="2025-04-28T16:53:07 IST" name="generateAdReport" finished-at="2025-04-28T16:53:11 IST" duration-ms="4468" status="PASS">
          <reporter-output>
          </reporter-output>
        </test-method> <!-- generateAdReport -->
      </class> <!-- extra.AdvanceReports -->
    </test> <!-- Default test -->
  </suite> <!-- Default suite -->
</testng-results>
