<?xml version="1.0" encoding="UTF-8"?>
<!-- Generated by org.testng.reporters.JUnitXMLReporter -->
<testsuite ignored="3" hostname="TYSS-Piyush-Baldaniya" failures="0" tests="1" name="Default test" time="0.061" errors="0" timestamp="2025-04-25T16:46:20 IST">
  <testcase classname="sample.ParallelKaExtraExample" name="sub" time="0.008"/>
  <testcase classname="sample.ParallelKaExtraExample" name="mul" time="0.0">
    <ignored/>
  </testcase> <!-- mul -->
  <testcase classname="sample.ParallelKaExtraExample" name="add" time="0.0">
    <ignored/>
  </testcase> <!-- add -->
  <testcase classname="sample.ParallelKaExtraExample" name="div" time="0.0">
    <ignored/>
  </testcase> <!-- div -->
</testsuite> <!-- Default test -->
