<?xml version="1.0" encoding="UTF-8"?>
<!-- Generated by org.testng.reporters.JUnitXMLReporter -->
<testsuite ignored="0" hostname="TYSS-Piyush-Baldaniya" failures="0" tests="4" name="Default test" time="0.096" errors="0" timestamp="2025-04-24T15:59:25 IST">
  <testcase classname="sample.Demo1" name="add" time="0.014"/>
  <testcase classname="sample.Demo1" name="sub" time="0.002"/>
  <testcase classname="sample.Demo2" name="div" time="0.003"/>
  <testcase classname="sample.Demo2" name="multi" time="0.002"/>
</testsuite> <!-- Default test -->
